-------------------------------------------------------------------------------
Test set: com.mde.AppTest
-------------------------------------------------------------------------------
Tests run: 1, Failures: 1, Errors: 0, Skipped: 0, Time elapsed: 0.067 sec <<< FAILURE! - in com.mde.AppTest
shouldAnswerWithTrue(com.mde.AppTest)  Time elapsed: 0.006 sec  <<< FAILURE!
java.lang.AssertionError
	at com.mde.AppTest.shouldAnswerWithTrue(AppTest.java:18)

